0 info it worked if it ends with ok
1 verbose cli [ '/usr/bin/node', '/usr/bin/npm', 'install' ]
2 info using npm@3.5.2
3 info using node@v8.10.0
4 silly loadCurrentTree Starting
5 silly install loadCurrentTree
6 silly install readLocalPackageData
7 silly install normalizeTree
8 silly loadCurrentTree Finishing
9 silly loadIdealTree Starting
10 silly install loadIdealTree
11 silly cloneCurrentTree Starting
12 silly install cloneCurrentTreeToIdealTree
13 silly cloneCurrentTree Finishing
14 silly loadShrinkwrap Starting
15 silly install loadShrinkwrap
16 silly loadShrinkwrap Finishing
17 silly loadAllDepsIntoIdealTree Starting
18 silly install loadAllDepsIntoIdealTree
19 silly loadAllDepsIntoIdealTree Finishing
20 silly idealTree:prePrune Alexey
20 silly idealTree:prePrune ├── accepts@1.3.7
20 silly idealTree:prePrune ├── agent-base@4.3.0
20 silly idealTree:prePrune ├── array-flatten@1.1.1
20 silly idealTree:prePrune ├── async-limiter@1.0.1
20 silly idealTree:prePrune ├── balanced-match@1.0.2
20 silly idealTree:prePrune ├── body-parser@1.19.0
20 silly idealTree:prePrune ├── brace-expansion@1.1.11
20 silly idealTree:prePrune ├── buffer-crc32@0.2.13
20 silly idealTree:prePrune ├── buffer-from@1.1.1
20 silly idealTree:prePrune ├── bytes@3.1.0
20 silly idealTree:prePrune ├─┬ carlo@0.9.43
20 silly idealTree:prePrune │ ├── debug@4.3.1
20 silly idealTree:prePrune │ └── ms@2.1.2
20 silly idealTree:prePrune ├── cli@1.0.1
20 silly idealTree:prePrune ├── concat-map@0.0.1
20 silly idealTree:prePrune ├─┬ concat-stream@1.6.2
20 silly idealTree:prePrune │ ├── isarray@1.0.0
20 silly idealTree:prePrune │ ├── readable-stream@2.3.7
20 silly idealTree:prePrune │ └── string_decoder@1.1.1
20 silly idealTree:prePrune ├── connect-flash@0.1.1
20 silly idealTree:prePrune ├── connect-redis@5.2.0
20 silly idealTree:prePrune ├── console-browserify@1.1.0
20 silly idealTree:prePrune ├── content-disposition@0.5.3
20 silly idealTree:prePrune ├── content-type@1.0.4
20 silly idealTree:prePrune ├── cookie-parser@1.4.5
20 silly idealTree:prePrune ├── cookie-signature@1.0.6
20 silly idealTree:prePrune ├── cookie@0.4.0
20 silly idealTree:prePrune ├── core-util-is@1.0.2
20 silly idealTree:prePrune ├── date-now@0.1.4
20 silly idealTree:prePrune ├── debug@2.6.9
20 silly idealTree:prePrune ├── denque@1.5.0
20 silly idealTree:prePrune ├── depd@1.1.2
20 silly idealTree:prePrune ├── destroy@1.0.4
20 silly idealTree:prePrune ├─┬ dom-serializer@0.2.2
20 silly idealTree:prePrune │ ├── domelementtype@2.2.0
20 silly idealTree:prePrune │ └── entities@2.2.0
20 silly idealTree:prePrune ├── domelementtype@1.3.1
20 silly idealTree:prePrune ├── domhandler@2.3.0
20 silly idealTree:prePrune ├── domutils@1.5.1
20 silly idealTree:prePrune ├── ee-first@1.1.1
20 silly idealTree:prePrune ├── encodeurl@1.0.2
20 silly idealTree:prePrune ├── entities@1.0.0
20 silly idealTree:prePrune ├── es6-promise@4.2.8
20 silly idealTree:prePrune ├── es6-promisify@5.0.0
20 silly idealTree:prePrune ├── escape-html@1.0.3
20 silly idealTree:prePrune ├── etag@1.8.1
20 silly idealTree:prePrune ├── exit@0.1.2
20 silly idealTree:prePrune ├─┬ express-session@1.17.1
20 silly idealTree:prePrune │ ├── depd@2.0.0
20 silly idealTree:prePrune │ └── safe-buffer@5.2.0
20 silly idealTree:prePrune ├── express@4.17.1
20 silly idealTree:prePrune ├── extract-zip@1.7.0
20 silly idealTree:prePrune ├── fd-slicer@1.1.0
20 silly idealTree:prePrune ├── finalhandler@1.1.2
20 silly idealTree:prePrune ├── foreachasync@3.0.0
20 silly idealTree:prePrune ├── forwarded@0.1.2
20 silly idealTree:prePrune ├── fresh@0.5.2
20 silly idealTree:prePrune ├── fs.realpath@1.0.0
20 silly idealTree:prePrune ├── generate-function@2.3.1
20 silly idealTree:prePrune ├── glob@7.1.6
20 silly idealTree:prePrune ├── handlebars@4.7.6
20 silly idealTree:prePrune ├─┬ hbs@4.1.2
20 silly idealTree:prePrune │ └── handlebars@4.7.7
20 silly idealTree:prePrune ├── htmlparser2@3.8.3
20 silly idealTree:prePrune ├── http-errors@1.7.2
20 silly idealTree:prePrune ├─┬ https-proxy-agent@2.2.4
20 silly idealTree:prePrune │ ├── debug@3.2.7
20 silly idealTree:prePrune │ └── ms@2.1.3
20 silly idealTree:prePrune ├── iconv-lite@0.4.24
20 silly idealTree:prePrune ├── inflight@1.0.6
20 silly idealTree:prePrune ├── inherits@2.0.3
20 silly idealTree:prePrune ├── ipaddr.js@1.9.1
20 silly idealTree:prePrune ├── is-property@1.0.2
20 silly idealTree:prePrune ├── isarray@0.0.1
20 silly idealTree:prePrune ├── jshint@2.12.0
20 silly idealTree:prePrune ├── lodash@4.17.21
20 silly idealTree:prePrune ├── long@4.0.0
20 silly idealTree:prePrune ├── lru-cache@6.0.0
20 silly idealTree:prePrune ├── media-typer@0.3.0
20 silly idealTree:prePrune ├── merge-descriptors@1.0.1
20 silly idealTree:prePrune ├── methods@1.1.2
20 silly idealTree:prePrune ├── mime-db@1.47.0
20 silly idealTree:prePrune ├── mime-types@2.1.30
20 silly idealTree:prePrune ├── mime@1.6.0
20 silly idealTree:prePrune ├── minimatch@3.0.4
20 silly idealTree:prePrune ├── minimist@1.2.5
20 silly idealTree:prePrune ├── mkdirp@0.5.5
20 silly idealTree:prePrune ├── ms@2.0.0
20 silly idealTree:prePrune ├─┬ mysql2@2.2.5
20 silly idealTree:prePrune │ └── iconv-lite@0.6.2
20 silly idealTree:prePrune ├─┬ named-placeholders@1.1.2
20 silly idealTree:prePrune │ ├── lru-cache@4.1.5
20 silly idealTree:prePrune │ └── yallist@2.1.2
20 silly idealTree:prePrune ├── negotiator@0.6.2
20 silly idealTree:prePrune ├── neo-async@2.6.2
20 silly idealTree:prePrune ├── node-popup@0.1.14
20 silly idealTree:prePrune ├── on-finished@2.3.0
20 silly idealTree:prePrune ├── on-headers@1.0.2
20 silly idealTree:prePrune ├── once@1.4.0
20 silly idealTree:prePrune ├── parseurl@1.3.3
20 silly idealTree:prePrune ├── passport-local@1.0.0
20 silly idealTree:prePrune ├── passport-strategy@1.0.0
20 silly idealTree:prePrune ├── passport@0.4.1
20 silly idealTree:prePrune ├── path-is-absolute@1.0.1
20 silly idealTree:prePrune ├── path-to-regexp@0.1.7
20 silly idealTree:prePrune ├── pause@0.0.1
20 silly idealTree:prePrune ├── pend@1.2.0
20 silly idealTree:prePrune ├── process-nextick-args@2.0.1
20 silly idealTree:prePrune ├── progress@2.0.3
20 silly idealTree:prePrune ├── proxy-addr@2.0.6
20 silly idealTree:prePrune ├── proxy-from-env@1.1.0
20 silly idealTree:prePrune ├── pseudomap@1.0.2
20 silly idealTree:prePrune ├─┬ puppeteer-core@1.20.0
20 silly idealTree:prePrune │ ├── debug@4.3.1
20 silly idealTree:prePrune │ ├── mime@2.5.2
20 silly idealTree:prePrune │ └── ms@2.1.2
20 silly idealTree:prePrune ├── qs@6.7.0
20 silly idealTree:prePrune ├── random-bytes@1.0.0
20 silly idealTree:prePrune ├── range-parser@1.2.1
20 silly idealTree:prePrune ├── raw-body@2.4.0
20 silly idealTree:prePrune ├── react-collapsible@2.8.3
20 silly idealTree:prePrune ├── readable-stream@1.1.14
20 silly idealTree:prePrune ├── redis-commands@1.7.0
20 silly idealTree:prePrune ├── redis-errors@1.2.0
20 silly idealTree:prePrune ├── redis-parser@3.0.0
20 silly idealTree:prePrune ├── redis@3.1.2
20 silly idealTree:prePrune ├── rimraf@2.7.1
20 silly idealTree:prePrune ├── safe-buffer@5.1.2
20 silly idealTree:prePrune ├── safer-buffer@2.1.2
20 silly idealTree:prePrune ├─┬ send@0.17.1
20 silly idealTree:prePrune │ └── ms@2.1.1
20 silly idealTree:prePrune ├── seq-queue@0.0.5
20 silly idealTree:prePrune ├── serve-static@1.14.1
20 silly idealTree:prePrune ├── setprototypeof@1.1.1
20 silly idealTree:prePrune ├── shelljs@0.3.0
20 silly idealTree:prePrune ├── source-map@0.6.1
20 silly idealTree:prePrune ├── sqlstring@2.3.2
20 silly idealTree:prePrune ├── statuses@1.5.0
20 silly idealTree:prePrune ├── string_decoder@0.10.31
20 silly idealTree:prePrune ├── strip-json-comments@1.0.4
20 silly idealTree:prePrune ├── toidentifier@1.0.0
20 silly idealTree:prePrune ├── type-is@1.6.18
20 silly idealTree:prePrune ├── typedarray@0.0.6
20 silly idealTree:prePrune ├── uglify-js@3.13.4
20 silly idealTree:prePrune ├── uid-safe@2.1.5
20 silly idealTree:prePrune ├── unpipe@1.0.0
20 silly idealTree:prePrune ├── util-deprecate@1.0.2
20 silly idealTree:prePrune ├── utils-merge@1.0.1
20 silly idealTree:prePrune ├── vary@1.1.2
20 silly idealTree:prePrune ├── walk@2.3.14
20 silly idealTree:prePrune ├── wordwrap@1.0.0
20 silly idealTree:prePrune ├── wrappy@1.0.2
20 silly idealTree:prePrune ├── ws@6.2.1
20 silly idealTree:prePrune ├── yallist@4.0.0
20 silly idealTree:prePrune └── yauzl@2.10.0
21 silly loadIdealTree Finishing
22 silly currentTree Alexey
22 silly currentTree ├── accepts@1.3.7
22 silly currentTree ├── agent-base@4.3.0
22 silly currentTree ├── array-flatten@1.1.1
22 silly currentTree ├── async-limiter@1.0.1
22 silly currentTree ├── balanced-match@1.0.2
22 silly currentTree ├── body-parser@1.19.0
22 silly currentTree ├── brace-expansion@1.1.11
22 silly currentTree ├── buffer-crc32@0.2.13
22 silly currentTree ├── buffer-from@1.1.1
22 silly currentTree ├── bytes@3.1.0
22 silly currentTree ├─┬ carlo@0.9.43
22 silly currentTree │ ├── debug@4.3.1
22 silly currentTree │ └── ms@2.1.2
22 silly currentTree ├── cli@1.0.1
22 silly currentTree ├── concat-map@0.0.1
22 silly currentTree ├─┬ concat-stream@1.6.2
22 silly currentTree │ ├── isarray@1.0.0
22 silly currentTree │ ├── readable-stream@2.3.7
22 silly currentTree │ └── string_decoder@1.1.1
22 silly currentTree ├── connect-flash@0.1.1
22 silly currentTree ├── connect-redis@5.2.0
22 silly currentTree ├── console-browserify@1.1.0
22 silly currentTree ├── content-disposition@0.5.3
22 silly currentTree ├── content-type@1.0.4
22 silly currentTree ├── cookie-parser@1.4.5
22 silly currentTree ├── cookie-signature@1.0.6
22 silly currentTree ├── cookie@0.4.0
22 silly currentTree ├── core-util-is@1.0.2
22 silly currentTree ├── date-now@0.1.4
22 silly currentTree ├── debug@2.6.9
22 silly currentTree ├── denque@1.5.0
22 silly currentTree ├── depd@1.1.2
22 silly currentTree ├── destroy@1.0.4
22 silly currentTree ├─┬ dom-serializer@0.2.2
22 silly currentTree │ ├── domelementtype@2.2.0
22 silly currentTree │ └── entities@2.2.0
22 silly currentTree ├── domelementtype@1.3.1
22 silly currentTree ├── domhandler@2.3.0
22 silly currentTree ├── domutils@1.5.1
22 silly currentTree ├── ee-first@1.1.1
22 silly currentTree ├── encodeurl@1.0.2
22 silly currentTree ├── entities@1.0.0
22 silly currentTree ├── es6-promise@4.2.8
22 silly currentTree ├── es6-promisify@5.0.0
22 silly currentTree ├── escape-html@1.0.3
22 silly currentTree ├── etag@1.8.1
22 silly currentTree ├── exit@0.1.2
22 silly currentTree ├─┬ express-session@1.17.1
22 silly currentTree │ ├── depd@2.0.0
22 silly currentTree │ └── safe-buffer@5.2.0
22 silly currentTree ├── express@4.17.1
22 silly currentTree ├── extract-zip@1.7.0
22 silly currentTree ├── fd-slicer@1.1.0
22 silly currentTree ├── finalhandler@1.1.2
22 silly currentTree ├── foreachasync@3.0.0
22 silly currentTree ├── forwarded@0.1.2
22 silly currentTree ├── fresh@0.5.2
22 silly currentTree ├── fs.realpath@1.0.0
22 silly currentTree ├── generate-function@2.3.1
22 silly currentTree ├── glob@7.1.6
22 silly currentTree ├── handlebars@4.7.6
22 silly currentTree ├─┬ hbs@4.1.2
22 silly currentTree │ └── handlebars@4.7.7
22 silly currentTree ├── htmlparser2@3.8.3
22 silly currentTree ├── http-errors@1.7.2
22 silly currentTree ├─┬ https-proxy-agent@2.2.4
22 silly currentTree │ ├── debug@3.2.7
22 silly currentTree │ └── ms@2.1.3
22 silly currentTree ├── iconv-lite@0.4.24
22 silly currentTree ├── inflight@1.0.6
22 silly currentTree ├── inherits@2.0.3
22 silly currentTree ├── ipaddr.js@1.9.1
22 silly currentTree ├── is-property@1.0.2
22 silly currentTree ├── isarray@0.0.1
22 silly currentTree ├── jshint@2.12.0
22 silly currentTree ├── lodash@4.17.21
22 silly currentTree ├── long@4.0.0
22 silly currentTree ├── lru-cache@6.0.0
22 silly currentTree ├── media-typer@0.3.0
22 silly currentTree ├── merge-descriptors@1.0.1
22 silly currentTree ├── methods@1.1.2
22 silly currentTree ├── mime-db@1.47.0
22 silly currentTree ├── mime-types@2.1.30
22 silly currentTree ├── mime@1.6.0
22 silly currentTree ├── minimatch@3.0.4
22 silly currentTree ├── minimist@1.2.5
22 silly currentTree ├── mkdirp@0.5.5
22 silly currentTree ├── ms@2.0.0
22 silly currentTree ├─┬ mysql2@2.2.5
22 silly currentTree │ └── iconv-lite@0.6.2
22 silly currentTree ├─┬ named-placeholders@1.1.2
22 silly currentTree │ ├── lru-cache@4.1.5
22 silly currentTree │ └── yallist@2.1.2
22 silly currentTree ├── negotiator@0.6.2
22 silly currentTree ├── neo-async@2.6.2
22 silly currentTree ├── node-popup@0.1.14
22 silly currentTree ├── on-finished@2.3.0
22 silly currentTree ├── on-headers@1.0.2
22 silly currentTree ├── once@1.4.0
22 silly currentTree ├── parseurl@1.3.3
22 silly currentTree ├── passport-local@1.0.0
22 silly currentTree ├── passport-strategy@1.0.0
22 silly currentTree ├── passport@0.4.1
22 silly currentTree ├── path-is-absolute@1.0.1
22 silly currentTree ├── path-to-regexp@0.1.7
22 silly currentTree ├── pause@0.0.1
22 silly currentTree ├── pend@1.2.0
22 silly currentTree ├── process-nextick-args@2.0.1
22 silly currentTree ├── progress@2.0.3
22 silly currentTree ├── proxy-addr@2.0.6
22 silly currentTree ├── proxy-from-env@1.1.0
22 silly currentTree ├── pseudomap@1.0.2
22 silly currentTree ├─┬ puppeteer-core@1.20.0
22 silly currentTree │ ├── debug@4.3.1
22 silly currentTree │ ├── mime@2.5.2
22 silly currentTree │ └── ms@2.1.2
22 silly currentTree ├── qs@6.7.0
22 silly currentTree ├── random-bytes@1.0.0
22 silly currentTree ├── range-parser@1.2.1
22 silly currentTree ├── raw-body@2.4.0
22 silly currentTree ├── react-collapsible@2.8.3
22 silly currentTree ├── readable-stream@1.1.14
22 silly currentTree ├── redis-commands@1.7.0
22 silly currentTree ├── redis-errors@1.2.0
22 silly currentTree ├── redis-parser@3.0.0
22 silly currentTree ├── redis@3.1.2
22 silly currentTree ├── rimraf@2.7.1
22 silly currentTree ├── safe-buffer@5.1.2
22 silly currentTree ├── safer-buffer@2.1.2
22 silly currentTree ├─┬ send@0.17.1
22 silly currentTree │ └── ms@2.1.1
22 silly currentTree ├── seq-queue@0.0.5
22 silly currentTree ├── serve-static@1.14.1
22 silly currentTree ├── setprototypeof@1.1.1
22 silly currentTree ├── shelljs@0.3.0
22 silly currentTree ├── source-map@0.6.1
22 silly currentTree ├── sqlstring@2.3.2
22 silly currentTree ├── statuses@1.5.0
22 silly currentTree ├── string_decoder@0.10.31
22 silly currentTree ├── strip-json-comments@1.0.4
22 silly currentTree ├── toidentifier@1.0.0
22 silly currentTree ├── type-is@1.6.18
22 silly currentTree ├── typedarray@0.0.6
22 silly currentTree ├── uglify-js@3.13.4
22 silly currentTree ├── uid-safe@2.1.5
22 silly currentTree ├── unpipe@1.0.0
22 silly currentTree ├── util-deprecate@1.0.2
22 silly currentTree ├── utils-merge@1.0.1
22 silly currentTree ├── vary@1.1.2
22 silly currentTree ├── walk@2.3.14
22 silly currentTree ├── wordwrap@1.0.0
22 silly currentTree ├── wrappy@1.0.2
22 silly currentTree ├── ws@6.2.1
22 silly currentTree ├── yallist@4.0.0
22 silly currentTree └── yauzl@2.10.0
23 silly idealTree Alexey
23 silly idealTree ├── accepts@1.3.7
23 silly idealTree ├── agent-base@4.3.0
23 silly idealTree ├── array-flatten@1.1.1
23 silly idealTree ├── async-limiter@1.0.1
23 silly idealTree ├── balanced-match@1.0.2
23 silly idealTree ├── body-parser@1.19.0
23 silly idealTree ├── brace-expansion@1.1.11
23 silly idealTree ├── buffer-crc32@0.2.13
23 silly idealTree ├── buffer-from@1.1.1
23 silly idealTree ├── bytes@3.1.0
23 silly idealTree ├─┬ carlo@0.9.43
23 silly idealTree │ ├── debug@4.3.1
23 silly idealTree │ └── ms@2.1.2
23 silly idealTree ├── cli@1.0.1
23 silly idealTree ├── concat-map@0.0.1
23 silly idealTree ├─┬ concat-stream@1.6.2
23 silly idealTree │ ├── isarray@1.0.0
23 silly idealTree │ ├── readable-stream@2.3.7
23 silly idealTree │ └── string_decoder@1.1.1
23 silly idealTree ├── connect-flash@0.1.1
23 silly idealTree ├── connect-redis@5.2.0
23 silly idealTree ├── console-browserify@1.1.0
23 silly idealTree ├── content-disposition@0.5.3
23 silly idealTree ├── content-type@1.0.4
23 silly idealTree ├── cookie-parser@1.4.5
23 silly idealTree ├── cookie-signature@1.0.6
23 silly idealTree ├── cookie@0.4.0
23 silly idealTree ├── core-util-is@1.0.2
23 silly idealTree ├── date-now@0.1.4
23 silly idealTree ├── debug@2.6.9
23 silly idealTree ├── denque@1.5.0
23 silly idealTree ├── depd@1.1.2
23 silly idealTree ├── destroy@1.0.4
23 silly idealTree ├─┬ dom-serializer@0.2.2
23 silly idealTree │ ├── domelementtype@2.2.0
23 silly idealTree │ └── entities@2.2.0
23 silly idealTree ├── domelementtype@1.3.1
23 silly idealTree ├── domhandler@2.3.0
23 silly idealTree ├── domutils@1.5.1
23 silly idealTree ├── ee-first@1.1.1
23 silly idealTree ├── encodeurl@1.0.2
23 silly idealTree ├── entities@1.0.0
23 silly idealTree ├── es6-promise@4.2.8
23 silly idealTree ├── es6-promisify@5.0.0
23 silly idealTree ├── escape-html@1.0.3
23 silly idealTree ├── etag@1.8.1
23 silly idealTree ├── exit@0.1.2
23 silly idealTree ├─┬ express-session@1.17.1
23 silly idealTree │ ├── depd@2.0.0
23 silly idealTree │ └── safe-buffer@5.2.0
23 silly idealTree ├── express@4.17.1
23 silly idealTree ├── extract-zip@1.7.0
23 silly idealTree ├── fd-slicer@1.1.0
23 silly idealTree ├── finalhandler@1.1.2
23 silly idealTree ├── foreachasync@3.0.0
23 silly idealTree ├── forwarded@0.1.2
23 silly idealTree ├── fresh@0.5.2
23 silly idealTree ├── fs.realpath@1.0.0
23 silly idealTree ├── generate-function@2.3.1
23 silly idealTree ├── glob@7.1.6
23 silly idealTree ├── handlebars@4.7.6
23 silly idealTree ├─┬ hbs@4.1.2
23 silly idealTree │ └── handlebars@4.7.7
23 silly idealTree ├── htmlparser2@3.8.3
23 silly idealTree ├── http-errors@1.7.2
23 silly idealTree ├─┬ https-proxy-agent@2.2.4
23 silly idealTree │ ├── debug@3.2.7
23 silly idealTree │ └── ms@2.1.3
23 silly idealTree ├── iconv-lite@0.4.24
23 silly idealTree ├── inflight@1.0.6
23 silly idealTree ├── inherits@2.0.3
23 silly idealTree ├── ipaddr.js@1.9.1
23 silly idealTree ├── is-property@1.0.2
23 silly idealTree ├── isarray@0.0.1
23 silly idealTree ├── jshint@2.12.0
23 silly idealTree ├── lodash@4.17.21
23 silly idealTree ├── long@4.0.0
23 silly idealTree ├── lru-cache@6.0.0
23 silly idealTree ├── media-typer@0.3.0
23 silly idealTree ├── merge-descriptors@1.0.1
23 silly idealTree ├── methods@1.1.2
23 silly idealTree ├── mime-db@1.47.0
23 silly idealTree ├── mime-types@2.1.30
23 silly idealTree ├── mime@1.6.0
23 silly idealTree ├── minimatch@3.0.4
23 silly idealTree ├── minimist@1.2.5
23 silly idealTree ├── mkdirp@0.5.5
23 silly idealTree ├── ms@2.0.0
23 silly idealTree ├─┬ mysql2@2.2.5
23 silly idealTree │ └── iconv-lite@0.6.2
23 silly idealTree ├─┬ named-placeholders@1.1.2
23 silly idealTree │ ├── lru-cache@4.1.5
23 silly idealTree │ └── yallist@2.1.2
23 silly idealTree ├── negotiator@0.6.2
23 silly idealTree ├── neo-async@2.6.2
23 silly idealTree ├── node-popup@0.1.14
23 silly idealTree ├── on-finished@2.3.0
23 silly idealTree ├── on-headers@1.0.2
23 silly idealTree ├── once@1.4.0
23 silly idealTree ├── parseurl@1.3.3
23 silly idealTree ├── passport-local@1.0.0
23 silly idealTree ├── passport-strategy@1.0.0
23 silly idealTree ├── passport@0.4.1
23 silly idealTree ├── path-is-absolute@1.0.1
23 silly idealTree ├── path-to-regexp@0.1.7
23 silly idealTree ├── pause@0.0.1
23 silly idealTree ├── pend@1.2.0
23 silly idealTree ├── process-nextick-args@2.0.1
23 silly idealTree ├── progress@2.0.3
23 silly idealTree ├── proxy-addr@2.0.6
23 silly idealTree ├── proxy-from-env@1.1.0
23 silly idealTree ├── pseudomap@1.0.2
23 silly idealTree ├─┬ puppeteer-core@1.20.0
23 silly idealTree │ ├── debug@4.3.1
23 silly idealTree │ ├── mime@2.5.2
23 silly idealTree │ └── ms@2.1.2
23 silly idealTree ├── qs@6.7.0
23 silly idealTree ├── random-bytes@1.0.0
23 silly idealTree ├── range-parser@1.2.1
23 silly idealTree ├── raw-body@2.4.0
23 silly idealTree ├── react-collapsible@2.8.3
23 silly idealTree ├── readable-stream@1.1.14
23 silly idealTree ├── redis-commands@1.7.0
23 silly idealTree ├── redis-errors@1.2.0
23 silly idealTree ├── redis-parser@3.0.0
23 silly idealTree ├── redis@3.1.2
23 silly idealTree ├── rimraf@2.7.1
23 silly idealTree ├── safe-buffer@5.1.2
23 silly idealTree ├── safer-buffer@2.1.2
23 silly idealTree ├─┬ send@0.17.1
23 silly idealTree │ └── ms@2.1.1
23 silly idealTree ├── seq-queue@0.0.5
23 silly idealTree ├── serve-static@1.14.1
23 silly idealTree ├── setprototypeof@1.1.1
23 silly idealTree ├── shelljs@0.3.0
23 silly idealTree ├── source-map@0.6.1
23 silly idealTree ├── sqlstring@2.3.2
23 silly idealTree ├── statuses@1.5.0
23 silly idealTree ├── string_decoder@0.10.31
23 silly idealTree ├── strip-json-comments@1.0.4
23 silly idealTree ├── toidentifier@1.0.0
23 silly idealTree ├── type-is@1.6.18
23 silly idealTree ├── typedarray@0.0.6
23 silly idealTree ├── uglify-js@3.13.4
23 silly idealTree ├── uid-safe@2.1.5
23 silly idealTree ├── unpipe@1.0.0
23 silly idealTree ├── util-deprecate@1.0.2
23 silly idealTree ├── utils-merge@1.0.1
23 silly idealTree ├── vary@1.1.2
23 silly idealTree ├── walk@2.3.14
23 silly idealTree ├── wordwrap@1.0.0
23 silly idealTree ├── wrappy@1.0.2
23 silly idealTree ├── ws@6.2.1
23 silly idealTree ├── yallist@4.0.0
23 silly idealTree └── yauzl@2.10.0
24 silly generateActionsToTake Starting
25 silly install generateActionsToTake
26 silly generateActionsToTake Finishing
27 silly diffTrees action count 14
28 silly diffTrees update body-parser@1.19.0
29 silly diffTrees update connect-flash@0.1.1
30 silly diffTrees update connect-redis@5.2.0
31 silly diffTrees update cookie-parser@1.4.5
32 silly diffTrees update express@4.17.1
33 silly diffTrees update express-session@1.17.1
34 silly diffTrees update hbs@4.1.2
35 silly diffTrees update jshint@2.12.0
36 silly diffTrees update mysql2@2.2.5
37 silly diffTrees update node-popup@0.1.14
38 silly diffTrees update passport@0.4.1
39 silly diffTrees update passport-local@1.0.0
40 silly diffTrees update react-collapsible@2.8.3
41 silly diffTrees update redis@3.1.2
42 silly decomposeActions action count 112
43 silly decomposeActions fetch body-parser@1.19.0
44 silly decomposeActions extract body-parser@1.19.0
45 silly decomposeActions test body-parser@1.19.0
46 silly decomposeActions preinstall body-parser@1.19.0
47 silly decomposeActions build body-parser@1.19.0
48 silly decomposeActions install body-parser@1.19.0
49 silly decomposeActions postinstall body-parser@1.19.0
50 silly decomposeActions finalize body-parser@1.19.0
51 silly decomposeActions fetch connect-flash@0.1.1
52 silly decomposeActions extract connect-flash@0.1.1
53 silly decomposeActions test connect-flash@0.1.1
54 silly decomposeActions preinstall connect-flash@0.1.1
55 silly decomposeActions build connect-flash@0.1.1
56 silly decomposeActions install connect-flash@0.1.1
57 silly decomposeActions postinstall connect-flash@0.1.1
58 silly decomposeActions finalize connect-flash@0.1.1
59 silly decomposeActions fetch connect-redis@5.2.0
60 silly decomposeActions extract connect-redis@5.2.0
61 silly decomposeActions test connect-redis@5.2.0
62 silly decomposeActions preinstall connect-redis@5.2.0
63 silly decomposeActions build connect-redis@5.2.0
64 silly decomposeActions install connect-redis@5.2.0
65 silly decomposeActions postinstall connect-redis@5.2.0
66 silly decomposeActions finalize connect-redis@5.2.0
67 silly decomposeActions fetch cookie-parser@1.4.5
68 silly decomposeActions extract cookie-parser@1.4.5
69 silly decomposeActions test cookie-parser@1.4.5
70 silly decomposeActions preinstall cookie-parser@1.4.5
71 silly decomposeActions build cookie-parser@1.4.5
72 silly decomposeActions install cookie-parser@1.4.5
73 silly decomposeActions postinstall cookie-parser@1.4.5
74 silly decomposeActions finalize cookie-parser@1.4.5
75 silly decomposeActions fetch express@4.17.1
76 silly decomposeActions extract express@4.17.1
77 silly decomposeActions test express@4.17.1
78 silly decomposeActions preinstall express@4.17.1
79 silly decomposeActions build express@4.17.1
80 silly decomposeActions install express@4.17.1
81 silly decomposeActions postinstall express@4.17.1
82 silly decomposeActions finalize express@4.17.1
83 silly decomposeActions fetch express-session@1.17.1
84 silly decomposeActions extract express-session@1.17.1
85 silly decomposeActions test express-session@1.17.1
86 silly decomposeActions preinstall express-session@1.17.1
87 silly decomposeActions build express-session@1.17.1
88 silly decomposeActions install express-session@1.17.1
89 silly decomposeActions postinstall express-session@1.17.1
90 silly decomposeActions finalize express-session@1.17.1
91 silly decomposeActions fetch hbs@4.1.2
92 silly decomposeActions extract hbs@4.1.2
93 silly decomposeActions test hbs@4.1.2
94 silly decomposeActions preinstall hbs@4.1.2
95 silly decomposeActions build hbs@4.1.2
96 silly decomposeActions install hbs@4.1.2
97 silly decomposeActions postinstall hbs@4.1.2
98 silly decomposeActions finalize hbs@4.1.2
99 silly decomposeActions fetch jshint@2.12.0
100 silly decomposeActions extract jshint@2.12.0
101 silly decomposeActions test jshint@2.12.0
102 silly decomposeActions preinstall jshint@2.12.0
103 silly decomposeActions build jshint@2.12.0
104 silly decomposeActions install jshint@2.12.0
105 silly decomposeActions postinstall jshint@2.12.0
106 silly decomposeActions finalize jshint@2.12.0
107 silly decomposeActions fetch mysql2@2.2.5
108 silly decomposeActions extract mysql2@2.2.5
109 silly decomposeActions test mysql2@2.2.5
110 silly decomposeActions preinstall mysql2@2.2.5
111 silly decomposeActions build mysql2@2.2.5
112 silly decomposeActions install mysql2@2.2.5
113 silly decomposeActions postinstall mysql2@2.2.5
114 silly decomposeActions finalize mysql2@2.2.5
115 silly decomposeActions fetch node-popup@0.1.14
116 silly decomposeActions extract node-popup@0.1.14
117 silly decomposeActions test node-popup@0.1.14
118 silly decomposeActions preinstall node-popup@0.1.14
119 silly decomposeActions build node-popup@0.1.14
120 silly decomposeActions install node-popup@0.1.14
121 silly decomposeActions postinstall node-popup@0.1.14
122 silly decomposeActions finalize node-popup@0.1.14
123 silly decomposeActions fetch passport@0.4.1
124 silly decomposeActions extract passport@0.4.1
125 silly decomposeActions test passport@0.4.1
126 silly decomposeActions preinstall passport@0.4.1
127 silly decomposeActions build passport@0.4.1
128 silly decomposeActions install passport@0.4.1
129 silly decomposeActions postinstall passport@0.4.1
130 silly decomposeActions finalize passport@0.4.1
131 silly decomposeActions fetch passport-local@1.0.0
132 silly decomposeActions extract passport-local@1.0.0
133 silly decomposeActions test passport-local@1.0.0
134 silly decomposeActions preinstall passport-local@1.0.0
135 silly decomposeActions build passport-local@1.0.0
136 silly decomposeActions install passport-local@1.0.0
137 silly decomposeActions postinstall passport-local@1.0.0
138 silly decomposeActions finalize passport-local@1.0.0
139 silly decomposeActions fetch react-collapsible@2.8.3
140 silly decomposeActions extract react-collapsible@2.8.3
141 silly decomposeActions test react-collapsible@2.8.3
142 silly decomposeActions preinstall react-collapsible@2.8.3
143 silly decomposeActions build react-collapsible@2.8.3
144 silly decomposeActions install react-collapsible@2.8.3
145 silly decomposeActions postinstall react-collapsible@2.8.3
146 silly decomposeActions finalize react-collapsible@2.8.3
147 silly decomposeActions fetch redis@3.1.2
148 silly decomposeActions extract redis@3.1.2
149 silly decomposeActions test redis@3.1.2
150 silly decomposeActions preinstall redis@3.1.2
151 silly decomposeActions build redis@3.1.2
152 silly decomposeActions install redis@3.1.2
153 silly decomposeActions postinstall redis@3.1.2
154 silly decomposeActions finalize redis@3.1.2
155 silly executeActions Starting
156 silly install executeActions
157 silly doSerial global-install 0
158 silly doParallel fetch 14
159 verbose lock using /home/lexx/.npm/_locks/staging-ffe5a3c6e7d01c09.lock for /home/lexx/www/Alexey/node_modules/.staging
160 silly doParallel extract 14
161 silly extract body-parser@1.19.0
162 silly extract connect-flash@0.1.1
163 silly extract connect-redis@5.2.0
164 silly extract cookie-parser@1.4.5
165 silly extract express@4.17.1
166 silly extract express-session@1.17.1
167 silly extract hbs@4.1.2
168 silly extract jshint@2.12.0
169 silly extract mysql2@2.2.5
170 silly extract node-popup@0.1.14
171 silly extract passport@0.4.1
172 silly extract passport-local@1.0.0
173 silly extract react-collapsible@2.8.3
174 silly extract redis@3.1.2
175 silly addNamed connect-flash@0.1.1
176 verbose addNamed "0.1.1" is a plain semver version for connect-flash
177 silly mapToRegistry name connect-flash
178 silly mapToRegistry using default registry
179 silly mapToRegistry registry https://registry.npmjs.org/
180 silly mapToRegistry uri https://registry.npmjs.org/connect-flash
181 verbose addNameVersion registry:https://registry.npmjs.org/connect-flash not in flight; fetching
182 silly addNamed connect-redis@5.2.0
183 verbose addNamed "5.2.0" is a plain semver version for connect-redis
184 silly mapToRegistry name connect-redis
185 silly mapToRegistry using default registry
186 silly mapToRegistry registry https://registry.npmjs.org/
187 silly mapToRegistry uri https://registry.npmjs.org/connect-redis
188 verbose addNameVersion registry:https://registry.npmjs.org/connect-redis not in flight; fetching
189 silly addNamed cookie-parser@1.4.5
190 verbose addNamed "1.4.5" is a plain semver version for cookie-parser
191 silly mapToRegistry name cookie-parser
192 silly mapToRegistry using default registry
193 silly mapToRegistry registry https://registry.npmjs.org/
194 silly mapToRegistry uri https://registry.npmjs.org/cookie-parser
195 verbose addNameVersion registry:https://registry.npmjs.org/cookie-parser not in flight; fetching
196 silly addNamed express-session@1.17.1
197 verbose addNamed "1.17.1" is a plain semver version for express-session
198 silly mapToRegistry name express-session
199 silly mapToRegistry using default registry
200 silly mapToRegistry registry https://registry.npmjs.org/
201 silly mapToRegistry uri https://registry.npmjs.org/express-session
202 verbose addNameVersion registry:https://registry.npmjs.org/express-session not in flight; fetching
203 silly addNamed hbs@4.1.2
204 verbose addNamed "4.1.2" is a plain semver version for hbs
205 silly mapToRegistry name hbs
206 silly mapToRegistry using default registry
207 silly mapToRegistry registry https://registry.npmjs.org/
208 silly mapToRegistry uri https://registry.npmjs.org/hbs
209 verbose addNameVersion registry:https://registry.npmjs.org/hbs not in flight; fetching
210 silly addNamed jshint@2.12.0
211 verbose addNamed "2.12.0" is a plain semver version for jshint
212 silly mapToRegistry name jshint
213 silly mapToRegistry using default registry
214 silly mapToRegistry registry https://registry.npmjs.org/
215 silly mapToRegistry uri https://registry.npmjs.org/jshint
216 verbose addNameVersion registry:https://registry.npmjs.org/jshint not in flight; fetching
217 silly addNamed mysql2@2.2.5
218 verbose addNamed "2.2.5" is a plain semver version for mysql2
219 silly mapToRegistry name mysql2
220 silly mapToRegistry using default registry
221 silly mapToRegistry registry https://registry.npmjs.org/
222 silly mapToRegistry uri https://registry.npmjs.org/mysql2
223 verbose addNameVersion registry:https://registry.npmjs.org/mysql2 not in flight; fetching
224 silly addNamed node-popup@0.1.14
225 verbose addNamed "0.1.14" is a plain semver version for node-popup
226 silly mapToRegistry name node-popup
227 silly mapToRegistry using default registry
228 silly mapToRegistry registry https://registry.npmjs.org/
229 silly mapToRegistry uri https://registry.npmjs.org/node-popup
230 verbose addNameVersion registry:https://registry.npmjs.org/node-popup not in flight; fetching
231 silly addNamed passport@0.4.1
232 verbose addNamed "0.4.1" is a plain semver version for passport
233 silly mapToRegistry name passport
234 silly mapToRegistry using default registry
235 silly mapToRegistry registry https://registry.npmjs.org/
236 silly mapToRegistry uri https://registry.npmjs.org/passport
237 verbose addNameVersion registry:https://registry.npmjs.org/passport not in flight; fetching
238 silly addNamed passport-local@1.0.0
239 verbose addNamed "1.0.0" is a plain semver version for passport-local
240 silly mapToRegistry name passport-local
241 silly mapToRegistry using default registry
242 silly mapToRegistry registry https://registry.npmjs.org/
243 silly mapToRegistry uri https://registry.npmjs.org/passport-local
244 verbose addNameVersion registry:https://registry.npmjs.org/passport-local not in flight; fetching
245 silly addNamed react-collapsible@2.8.3
246 verbose addNamed "2.8.3" is a plain semver version for react-collapsible
247 silly mapToRegistry name react-collapsible
248 silly mapToRegistry using default registry
249 silly mapToRegistry registry https://registry.npmjs.org/
250 silly mapToRegistry uri https://registry.npmjs.org/react-collapsible
251 verbose addNameVersion registry:https://registry.npmjs.org/react-collapsible not in flight; fetching
252 silly addNamed redis@3.1.2
253 verbose addNamed "3.1.2" is a plain semver version for redis
254 silly mapToRegistry name redis
255 silly mapToRegistry using default registry
256 silly mapToRegistry registry https://registry.npmjs.org/
257 silly mapToRegistry uri https://registry.npmjs.org/redis
258 verbose addNameVersion registry:https://registry.npmjs.org/redis not in flight; fetching
259 verbose request uri https://registry.npmjs.org/connect-flash
260 verbose request no auth needed
261 info attempt registry request try #1 at 8:49:51 PM
262 verbose request id cafbf664b3122060
263 http request GET https://registry.npmjs.org/connect-flash
264 verbose request uri https://registry.npmjs.org/connect-redis
265 verbose request no auth needed
266 info attempt registry request try #1 at 8:49:51 PM
267 http request GET https://registry.npmjs.org/connect-redis
268 verbose request uri https://registry.npmjs.org/cookie-parser
269 verbose request no auth needed
270 info attempt registry request try #1 at 8:49:51 PM
271 http request GET https://registry.npmjs.org/cookie-parser
272 verbose request uri https://registry.npmjs.org/express-session
273 verbose request no auth needed
274 info attempt registry request try #1 at 8:49:51 PM
275 http request GET https://registry.npmjs.org/express-session
276 verbose request uri https://registry.npmjs.org/hbs
277 verbose request no auth needed
278 info attempt registry request try #1 at 8:49:51 PM
279 http request GET https://registry.npmjs.org/hbs
280 verbose request uri https://registry.npmjs.org/jshint
281 verbose request no auth needed
282 info attempt registry request try #1 at 8:49:51 PM
283 http request GET https://registry.npmjs.org/jshint
284 verbose request uri https://registry.npmjs.org/mysql2
285 verbose request no auth needed
286 info attempt registry request try #1 at 8:49:51 PM
287 http request GET https://registry.npmjs.org/mysql2
288 verbose request uri https://registry.npmjs.org/node-popup
289 verbose request no auth needed
290 info attempt registry request try #1 at 8:49:51 PM
291 http request GET https://registry.npmjs.org/node-popup
292 verbose request uri https://registry.npmjs.org/passport
293 verbose request no auth needed
294 info attempt registry request try #1 at 8:49:51 PM
295 http request GET https://registry.npmjs.org/passport
296 verbose request uri https://registry.npmjs.org/passport-local
297 verbose request no auth needed
298 info attempt registry request try #1 at 8:49:51 PM
299 http request GET https://registry.npmjs.org/passport-local
300 verbose request uri https://registry.npmjs.org/react-collapsible
301 verbose request no auth needed
302 info attempt registry request try #1 at 8:49:51 PM
303 http request GET https://registry.npmjs.org/react-collapsible
304 verbose request uri https://registry.npmjs.org/redis
305 verbose request no auth needed
306 info attempt registry request try #1 at 8:49:51 PM
307 http request GET https://registry.npmjs.org/redis
308 info retry will retry, error on last attempt: Error: getaddrinfo ENOTFOUND registry.npmjs.org registry.npmjs.org:443
309 info retry will retry, error on last attempt: Error: getaddrinfo ENOTFOUND registry.npmjs.org registry.npmjs.org:443
310 info retry will retry, error on last attempt: Error: getaddrinfo ENOTFOUND registry.npmjs.org registry.npmjs.org:443
311 info retry will retry, error on last attempt: Error: getaddrinfo ENOTFOUND registry.npmjs.org registry.npmjs.org:443
312 info attempt registry request try #2 at 8:51:01 PM
313 http request GET https://registry.npmjs.org/express-session
314 info attempt registry request try #2 at 8:51:01 PM
315 http request GET https://registry.npmjs.org/connect-redis
316 info attempt registry request try #2 at 8:51:01 PM
317 http request GET https://registry.npmjs.org/connect-flash
318 info attempt registry request try #2 at 8:51:01 PM
319 http request GET https://registry.npmjs.org/cookie-parser
320 info retry will retry, error on last attempt: Error: getaddrinfo ENOTFOUND registry.npmjs.org registry.npmjs.org:443
321 info retry will retry, error on last attempt: Error: getaddrinfo ENOTFOUND registry.npmjs.org registry.npmjs.org:443
322 info retry will retry, error on last attempt: Error: getaddrinfo ENOTFOUND registry.npmjs.org registry.npmjs.org:443
323 info retry will retry, error on last attempt: Error: getaddrinfo ENOTFOUND registry.npmjs.org registry.npmjs.org:443
324 info attempt registry request try #2 at 8:53:02 PM
325 http request GET https://registry.npmjs.org/mysql2
326 info attempt registry request try #2 at 8:53:02 PM
327 http request GET https://registry.npmjs.org/node-popup
328 info attempt registry request try #2 at 8:53:02 PM
329 http request GET https://registry.npmjs.org/hbs
330 info attempt registry request try #2 at 8:53:02 PM
331 http request GET https://registry.npmjs.org/jshint
332 info retry will retry, error on last attempt: Error: getaddrinfo ENOTFOUND registry.npmjs.org registry.npmjs.org:443
333 verbose unbuild node_modules/.staging/body-parser-07e83c57
334 info retry will retry, error on last attempt: Error: getaddrinfo ENOTFOUND registry.npmjs.org registry.npmjs.org:443
335 verbose unbuild node_modules/.staging/express-599d23cb
336 info retry will retry, error on last attempt: Error: getaddrinfo ENOTFOUND registry.npmjs.org registry.npmjs.org:443
337 info retry will retry, error on last attempt: Error: getaddrinfo ENOTFOUND registry.npmjs.org registry.npmjs.org:443
338 info attempt registry request try #2 at 8:55:02 PM
339 http request GET https://registry.npmjs.org/react-collapsible
340 info attempt registry request try #2 at 8:55:02 PM
341 http request GET https://registry.npmjs.org/passport-local
342 info attempt registry request try #2 at 8:55:02 PM
343 http request GET https://registry.npmjs.org/redis
344 info attempt registry request try #2 at 8:55:02 PM
345 http request GET https://registry.npmjs.org/passport
346 info retry will retry, error on last attempt: Error: getaddrinfo ENOTFOUND registry.npmjs.org registry.npmjs.org:443
347 info retry will retry, error on last attempt: Error: getaddrinfo ENOTFOUND registry.npmjs.org registry.npmjs.org:443
348 info retry will retry, error on last attempt: Error: getaddrinfo ENOTFOUND registry.npmjs.org registry.npmjs.org:443
349 info retry will retry, error on last attempt: Error: getaddrinfo ENOTFOUND registry.npmjs.org registry.npmjs.org:443
350 info attempt registry request try #3 at 8:57:52 PM
351 http request GET https://registry.npmjs.org/cookie-parser
352 info attempt registry request try #3 at 8:57:52 PM
353 http request GET https://registry.npmjs.org/express-session
354 info attempt registry request try #3 at 8:57:52 PM
355 http request GET https://registry.npmjs.org/connect-redis
356 info attempt registry request try #3 at 8:57:52 PM
357 http request GET https://registry.npmjs.org/connect-flash
358 info retry will retry, error on last attempt: Error: getaddrinfo ENOTFOUND registry.npmjs.org registry.npmjs.org:443
359 info retry will retry, error on last attempt: Error: getaddrinfo ENOTFOUND registry.npmjs.org registry.npmjs.org:443
360 info retry will retry, error on last attempt: Error: getaddrinfo ENOTFOUND registry.npmjs.org registry.npmjs.org:443
361 info retry will retry, error on last attempt: Error: getaddrinfo ENOTFOUND registry.npmjs.org registry.npmjs.org:443
362 info attempt registry request try #3 at 8:59:52 PM
363 http request GET https://registry.npmjs.org/jshint
364 info attempt registry request try #3 at 8:59:52 PM
365 http request GET https://registry.npmjs.org/hbs
366 info attempt registry request try #3 at 8:59:52 PM
367 http request GET https://registry.npmjs.org/node-popup
368 info attempt registry request try #3 at 8:59:52 PM
369 http request GET https://registry.npmjs.org/mysql2
370 info retry will retry, error on last attempt: Error: getaddrinfo ENOTFOUND registry.npmjs.org registry.npmjs.org:443
371 info retry will retry, error on last attempt: Error: getaddrinfo ENOTFOUND registry.npmjs.org registry.npmjs.org:443
372 info retry will retry, error on last attempt: Error: getaddrinfo ENOTFOUND registry.npmjs.org registry.npmjs.org:443
373 info retry will retry, error on last attempt: Error: getaddrinfo ENOTFOUND registry.npmjs.org registry.npmjs.org:443
374 info attempt registry request try #3 at 9:01:52 PM
375 http request GET https://registry.npmjs.org/passport-local
376 info attempt registry request try #3 at 9:01:52 PM
377 http request GET https://registry.npmjs.org/passport
378 info attempt registry request try #3 at 9:01:52 PM
379 http request GET https://registry.npmjs.org/redis
380 info attempt registry request try #3 at 9:01:52 PM
381 http request GET https://registry.npmjs.org/react-collapsible
382 verbose cache Error: getaddrinfo ENOTFOUND registry.npmjs.org registry.npmjs.org:443
382 verbose cache     at errnoException (dns.js:50:10)
382 verbose cache     at GetAddrInfoReqWrap.onlookup [as oncomplete] (dns.js:92:26)
382 verbose cache  addNamed error for connect-redis@5.2.0 { Error: getaddrinfo ENOTFOUND registry.npmjs.org registry.npmjs.org:443
382 verbose cache     at errnoException (dns.js:50:10)
382 verbose cache     at GetAddrInfoReqWrap.onlookup [as oncomplete] (dns.js:92:26)
382 verbose cache   code: 'ENOTFOUND',
382 verbose cache   errno: 'ENOTFOUND',
382 verbose cache   syscall: 'getaddrinfo',
382 verbose cache   hostname: 'registry.npmjs.org',
382 verbose cache   host: 'registry.npmjs.org',
382 verbose cache   port: 443 }
383 error unpack Could not read data for connect-redis@5.2.0
384 silly gentlyRm /home/lexx/www/Alexey/node_modules/.staging/body-parser-07e83c57 is being purged from base /home/lexx/www/Alexey
385 verbose gentlyRm don't care about contents; nuking /home/lexx/www/Alexey/node_modules/.staging/body-parser-07e83c57
386 silly gentlyRm /home/lexx/www/Alexey/node_modules/.staging/express-599d23cb is being purged from base /home/lexx/www/Alexey
387 verbose gentlyRm don't care about contents; nuking /home/lexx/www/Alexey/node_modules/.staging/express-599d23cb
388 verbose cache Error: getaddrinfo ENOTFOUND registry.npmjs.org registry.npmjs.org:443
388 verbose cache     at errnoException (dns.js:50:10)
388 verbose cache     at GetAddrInfoReqWrap.onlookup [as oncomplete] (dns.js:92:26)
388 verbose cache  addNamed error for express-session@1.17.1 { Error: getaddrinfo ENOTFOUND registry.npmjs.org registry.npmjs.org:443
388 verbose cache     at errnoException (dns.js:50:10)
388 verbose cache     at GetAddrInfoReqWrap.onlookup [as oncomplete] (dns.js:92:26)
388 verbose cache   code: 'ENOTFOUND',
388 verbose cache   errno: 'ENOTFOUND',
388 verbose cache   syscall: 'getaddrinfo',
388 verbose cache   hostname: 'registry.npmjs.org',
388 verbose cache   host: 'registry.npmjs.org',
388 verbose cache   port: 443 }
389 error unpack Could not read data for express-session@1.17.1
390 verbose cache Error: getaddrinfo ENOTFOUND registry.npmjs.org registry.npmjs.org:443
390 verbose cache     at errnoException (dns.js:50:10)
390 verbose cache     at GetAddrInfoReqWrap.onlookup [as oncomplete] (dns.js:92:26)
390 verbose cache  addNamed error for cookie-parser@1.4.5 { Error: getaddrinfo ENOTFOUND registry.npmjs.org registry.npmjs.org:443
390 verbose cache     at errnoException (dns.js:50:10)
390 verbose cache     at GetAddrInfoReqWrap.onlookup [as oncomplete] (dns.js:92:26)
390 verbose cache   code: 'ENOTFOUND',
390 verbose cache   errno: 'ENOTFOUND',
390 verbose cache   syscall: 'getaddrinfo',
390 verbose cache   hostname: 'registry.npmjs.org',
390 verbose cache   host: 'registry.npmjs.org',
390 verbose cache   port: 443 }
391 error unpack Could not read data for cookie-parser@1.4.5
392 verbose cache Error: getaddrinfo ENOTFOUND registry.npmjs.org registry.npmjs.org:443
392 verbose cache     at errnoException (dns.js:50:10)
392 verbose cache     at GetAddrInfoReqWrap.onlookup [as oncomplete] (dns.js:92:26)
392 verbose cache  addNamed error for connect-flash@0.1.1 { Error: getaddrinfo ENOTFOUND registry.npmjs.org registry.npmjs.org:443
392 verbose cache     at errnoException (dns.js:50:10)
392 verbose cache     at GetAddrInfoReqWrap.onlookup [as oncomplete] (dns.js:92:26)
392 verbose cache   code: 'ENOTFOUND',
392 verbose cache   errno: 'ENOTFOUND',
392 verbose cache   syscall: 'getaddrinfo',
392 verbose cache   hostname: 'registry.npmjs.org',
392 verbose cache   host: 'registry.npmjs.org',
392 verbose cache   port: 443 }
393 error unpack Could not read data for connect-flash@0.1.1
394 verbose cache Error: getaddrinfo ENOTFOUND registry.npmjs.org registry.npmjs.org:443
394 verbose cache     at errnoException (dns.js:50:10)
394 verbose cache     at GetAddrInfoReqWrap.onlookup [as oncomplete] (dns.js:92:26)
394 verbose cache  addNamed error for hbs@4.1.2 { Error: getaddrinfo ENOTFOUND registry.npmjs.org registry.npmjs.org:443
394 verbose cache     at errnoException (dns.js:50:10)
394 verbose cache     at GetAddrInfoReqWrap.onlookup [as oncomplete] (dns.js:92:26)
394 verbose cache   code: 'ENOTFOUND',
394 verbose cache   errno: 'ENOTFOUND',
394 verbose cache   syscall: 'getaddrinfo',
394 verbose cache   hostname: 'registry.npmjs.org',
394 verbose cache   host: 'registry.npmjs.org',
394 verbose cache   port: 443 }
395 error unpack Could not read data for hbs@4.1.2
396 verbose cache Error: getaddrinfo ENOTFOUND registry.npmjs.org registry.npmjs.org:443
396 verbose cache     at errnoException (dns.js:50:10)
396 verbose cache     at GetAddrInfoReqWrap.onlookup [as oncomplete] (dns.js:92:26)
396 verbose cache  addNamed error for jshint@2.12.0 { Error: getaddrinfo ENOTFOUND registry.npmjs.org registry.npmjs.org:443
396 verbose cache     at errnoException (dns.js:50:10)
396 verbose cache     at GetAddrInfoReqWrap.onlookup [as oncomplete] (dns.js:92:26)
396 verbose cache   code: 'ENOTFOUND',
396 verbose cache   errno: 'ENOTFOUND',
396 verbose cache   syscall: 'getaddrinfo',
396 verbose cache   hostname: 'registry.npmjs.org',
396 verbose cache   host: 'registry.npmjs.org',
396 verbose cache   port: 443 }
397 error unpack Could not read data for jshint@2.12.0
398 verbose cache Error: getaddrinfo ENOTFOUND registry.npmjs.org registry.npmjs.org:443
398 verbose cache     at errnoException (dns.js:50:10)
398 verbose cache     at GetAddrInfoReqWrap.onlookup [as oncomplete] (dns.js:92:26)
398 verbose cache  addNamed error for mysql2@2.2.5 { Error: getaddrinfo ENOTFOUND registry.npmjs.org registry.npmjs.org:443
398 verbose cache     at errnoException (dns.js:50:10)
398 verbose cache     at GetAddrInfoReqWrap.onlookup [as oncomplete] (dns.js:92:26)
398 verbose cache   code: 'ENOTFOUND',
398 verbose cache   errno: 'ENOTFOUND',
398 verbose cache   syscall: 'getaddrinfo',
398 verbose cache   hostname: 'registry.npmjs.org',
398 verbose cache   host: 'registry.npmjs.org',
398 verbose cache   port: 443 }
399 error unpack Could not read data for mysql2@2.2.5
400 verbose cache Error: getaddrinfo ENOTFOUND registry.npmjs.org registry.npmjs.org:443
400 verbose cache     at errnoException (dns.js:50:10)
400 verbose cache     at GetAddrInfoReqWrap.onlookup [as oncomplete] (dns.js:92:26)
400 verbose cache  addNamed error for node-popup@0.1.14 { Error: getaddrinfo ENOTFOUND registry.npmjs.org registry.npmjs.org:443
400 verbose cache     at errnoException (dns.js:50:10)
400 verbose cache     at GetAddrInfoReqWrap.onlookup [as oncomplete] (dns.js:92:26)
400 verbose cache   code: 'ENOTFOUND',
400 verbose cache   errno: 'ENOTFOUND',
400 verbose cache   syscall: 'getaddrinfo',
400 verbose cache   hostname: 'registry.npmjs.org',
400 verbose cache   host: 'registry.npmjs.org',
400 verbose cache   port: 443 }
401 error unpack Could not read data for node-popup@0.1.14
402 verbose cache Error: getaddrinfo ENOTFOUND registry.npmjs.org registry.npmjs.org:443
402 verbose cache     at errnoException (dns.js:50:10)
402 verbose cache     at GetAddrInfoReqWrap.onlookup [as oncomplete] (dns.js:92:26)
402 verbose cache  addNamed error for react-collapsible@2.8.3 { Error: getaddrinfo ENOTFOUND registry.npmjs.org registry.npmjs.org:443
402 verbose cache     at errnoException (dns.js:50:10)
402 verbose cache     at GetAddrInfoReqWrap.onlookup [as oncomplete] (dns.js:92:26)
402 verbose cache   code: 'ENOTFOUND',
402 verbose cache   errno: 'ENOTFOUND',
402 verbose cache   syscall: 'getaddrinfo',
402 verbose cache   hostname: 'registry.npmjs.org',
402 verbose cache   host: 'registry.npmjs.org',
402 verbose cache   port: 443 }
403 error unpack Could not read data for react-collapsible@2.8.3
404 verbose cache Error: getaddrinfo ENOTFOUND registry.npmjs.org registry.npmjs.org:443
404 verbose cache     at errnoException (dns.js:50:10)
404 verbose cache     at GetAddrInfoReqWrap.onlookup [as oncomplete] (dns.js:92:26)
404 verbose cache  addNamed error for passport@0.4.1 { Error: getaddrinfo ENOTFOUND registry.npmjs.org registry.npmjs.org:443
404 verbose cache     at errnoException (dns.js:50:10)
404 verbose cache     at GetAddrInfoReqWrap.onlookup [as oncomplete] (dns.js:92:26)
404 verbose cache   code: 'ENOTFOUND',
404 verbose cache   errno: 'ENOTFOUND',
404 verbose cache   syscall: 'getaddrinfo',
404 verbose cache   hostname: 'registry.npmjs.org',
404 verbose cache   host: 'registry.npmjs.org',
404 verbose cache   port: 443 }
405 error unpack Could not read data for passport@0.4.1
406 verbose tar unpack /home/lexx/.npm/body-parser/1.19.0/package.tgz
407 verbose tar unpacking to /home/lexx/www/Alexey/node_modules/.staging/body-parser-07e83c57
408 silly gentlyRm /home/lexx/www/Alexey/node_modules/.staging/body-parser-07e83c57 is being purged
409 verbose gentlyRm don't care about contents; nuking /home/lexx/www/Alexey/node_modules/.staging/body-parser-07e83c57
410 verbose tar unpack /home/lexx/.npm/express/4.17.1/package.tgz
411 verbose tar unpacking to /home/lexx/www/Alexey/node_modules/.staging/express-599d23cb
412 silly gentlyRm /home/lexx/www/Alexey/node_modules/.staging/express-599d23cb is being purged
413 verbose gentlyRm don't care about contents; nuking /home/lexx/www/Alexey/node_modules/.staging/express-599d23cb
414 verbose cache Error: getaddrinfo ENOTFOUND registry.npmjs.org registry.npmjs.org:443
414 verbose cache     at errnoException (dns.js:50:10)
414 verbose cache     at GetAddrInfoReqWrap.onlookup [as oncomplete] (dns.js:92:26)
414 verbose cache  addNamed error for redis@3.1.2 { Error: getaddrinfo ENOTFOUND registry.npmjs.org registry.npmjs.org:443
414 verbose cache     at errnoException (dns.js:50:10)
414 verbose cache     at GetAddrInfoReqWrap.onlookup [as oncomplete] (dns.js:92:26)
414 verbose cache   code: 'ENOTFOUND',
414 verbose cache   errno: 'ENOTFOUND',
414 verbose cache   syscall: 'getaddrinfo',
414 verbose cache   hostname: 'registry.npmjs.org',
414 verbose cache   host: 'registry.npmjs.org',
414 verbose cache   port: 443 }
415 error unpack Could not read data for redis@3.1.2
416 verbose cache Error: getaddrinfo ENOTFOUND registry.npmjs.org registry.npmjs.org:443
416 verbose cache     at errnoException (dns.js:50:10)
416 verbose cache     at GetAddrInfoReqWrap.onlookup [as oncomplete] (dns.js:92:26)
416 verbose cache  addNamed error for passport-local@1.0.0 { Error: getaddrinfo ENOTFOUND registry.npmjs.org registry.npmjs.org:443
416 verbose cache     at errnoException (dns.js:50:10)
416 verbose cache     at GetAddrInfoReqWrap.onlookup [as oncomplete] (dns.js:92:26)
416 verbose cache   code: 'ENOTFOUND',
416 verbose cache   errno: 'ENOTFOUND',
416 verbose cache   syscall: 'getaddrinfo',
416 verbose cache   hostname: 'registry.npmjs.org',
416 verbose cache   host: 'registry.npmjs.org',
416 verbose cache   port: 443 }
417 error unpack Could not read data for passport-local@1.0.0
418 silly gunzTarPerm modes [ '755', '644' ]
419 silly gunzTarPerm modes [ '755', '644' ]
420 silly gunzTarPerm extractEntry package.json
421 silly gunzTarPerm extractEntry package.json
422 silly gunzTarPerm extractEntry HISTORY.md
423 silly gunzTarPerm extractEntry index.js
424 silly gunzTarPerm extractEntry LICENSE
425 silly gunzTarPerm extractEntry README.md
426 silly gunzTarPerm extractEntry lib/read.js
427 silly gunzTarPerm extractEntry lib/types/json.js
428 silly gunzTarPerm extractEntry lib/types/raw.js
429 silly gunzTarPerm extractEntry lib/types/text.js
430 silly gunzTarPerm extractEntry lib/types/urlencoded.js
431 silly gunzTarPerm extractEntry History.md
432 silly gunzTarPerm extractEntry index.js
433 silly gunzTarPerm extractEntry LICENSE
434 silly gunzTarPerm extractEntry Readme.md
435 silly gunzTarPerm extractEntry lib/application.js
436 silly gunzTarPerm extractEntry lib/express.js
437 silly gunzTarPerm extractEntry lib/middleware/init.js
438 silly gunzTarPerm extractEntry lib/middleware/query.js
439 silly gunzTarPerm extractEntry lib/request.js
440 silly gunzTarPerm extractEntry lib/response.js
441 silly gunzTarPerm extractEntry lib/router/index.js
442 silly gunzTarPerm extractEntry lib/router/layer.js
443 silly gunzTarPerm extractEntry lib/router/route.js
444 silly gunzTarPerm extractEntry lib/utils.js
445 silly gunzTarPerm extractEntry lib/view.js
446 silly gentlyRm /home/lexx/www/Alexey/node_modules/.staging/body-parser-07e83c57/node_modules is being purged
447 verbose gentlyRm don't care about contents; nuking /home/lexx/www/Alexey/node_modules/.staging/body-parser-07e83c57/node_modules
448 silly gentlyRm /home/lexx/www/Alexey/node_modules/.staging/express-599d23cb/node_modules is being purged
449 verbose gentlyRm don't care about contents; nuking /home/lexx/www/Alexey/node_modules/.staging/express-599d23cb/node_modules
450 verbose unlock done using /home/lexx/.npm/_locks/staging-ffe5a3c6e7d01c09.lock for /home/lexx/www/Alexey/node_modules/.staging
451 silly rollbackFailedOptional Starting
452 silly rollbackFailedOptional Finishing
453 silly runTopLevelLifecycles Starting
454 silly runTopLevelLifecycles Finishing
455 silly install printInstalled
456 warn enoent ENOENT: no such file or directory, open '/home/lexx/www/Alexey/package.json'
457 warn react-collapsible@2.8.3 requires a peer of react@~15 || ~16 || ~17 but none was installed.
458 warn react-collapsible@2.8.3 requires a peer of react-dom@~15 || ~16 || ~17 but none was installed.
459 warn Alexey No description
460 warn Alexey No repository field.
461 warn Alexey No README data
462 warn Alexey No license field.
463 verbose stack Error: getaddrinfo ENOTFOUND registry.npmjs.org registry.npmjs.org:443
463 verbose stack     at errnoException (dns.js:50:10)
463 verbose stack     at GetAddrInfoReqWrap.onlookup [as oncomplete] (dns.js:92:26)
464 verbose cwd /home/lexx/www/Alexey/public
465 error Linux 5.4.0-65-generic
466 error argv "/usr/bin/node" "/usr/bin/npm" "install"
467 error node v8.10.0
468 error npm  v3.5.2
469 error code ENOTFOUND
470 error errno ENOTFOUND
471 error syscall getaddrinfo
472 error network getaddrinfo ENOTFOUND registry.npmjs.org registry.npmjs.org:443
473 error network This is most likely not a problem with npm itself
473 error network and is related to network connectivity.
473 error network In most cases you are behind a proxy or have bad network settings.
473 error network
473 error network If you are behind a proxy, please make sure that the
473 error network 'proxy' config is set properly.  See: 'npm help config'
474 verbose exit [ 1, true ]
